<?xml version="1.0" encoding="UTF-8"?>
<!-- Generated by org.testng.reporters.JUnitReportReporter -->
<testsuite skipped="1" hostname="ip-172-31-64-7" name="Test.Testcase2" tests="3" failures="0" timestamp="2021-06-27T04:16:12 UTC" time="0.004" errors="0">
  <testcase name="profiledetails" time="0.002" classname="Test.Testcase2"/>
  <system-out/>
  <testcase name="logintest" time="0.002" classname="Test.Testcase2"/>
  <system-out/>
  <testcase name="signuptest" classname="Test.Testcase2">
    <skipped/>
  </testcase> <!-- signuptest -->
  <system-out/>
</testsuite> <!-- Test.Testcase2 -->
