<?xml version="1.0" encoding="UTF-8"?>
<!-- Generated by org.testng.reporters.JUnitReportReporter -->
<testsuite skipped="0" hostname="ip-172-31-64-7" name="Test.Testcase1" tests="2" failures="0" timestamp="2021-06-27T04:16:12 UTC" time="0.008" errors="0">
  <testcase name="Mainpagetest" time="0.002" classname="Test.Testcase1"/>
  <system-out/>
  <testcase name="Homepagetest" time="0.006" classname="Test.Testcase1"/>
  <system-out/>
</testsuite> <!-- Test.Testcase1 -->
